[INFO] [2020-09-23 10:53:08] [bao_xiang.png 未找到] [实时截图: 2020-09-23 10:53:08.png]
[WARNING] [2020-09-23 10:53:15] [go_and_get.png 未找到] [实时截图: 2020-09-23 10:53:15.png]
[INFO] [2020-09-23 10:53:27] [bao_xiang.png 未找到] [实时截图: 2020-09-23 10:53:27.png]
[INFO] [2020-09-23 10:53:30] [open_bao_xiang.png 未找到] [实时截图: 2020-09-23 10:53:30.png]
[INFO] [2020-09-23 10:53:33] [bao_xiang_warch_ad.png 未找到] [实时截图: 2020-09-23 10:53:33.png]
[INFO] [2020-09-23 10:54:35] [bao_xiang.png 未找到] [实时截图: 2020-09-23 10:54:35.png]
[WARNING] [2020-09-23 10:54:38] [open_bao_xiang.png 未找到] [实时截图: 2020-09-23 10:54:38.png]
[INFO] [2020-09-23 10:55:01] [bao_xiang.png 未找到] [实时截图: 2020-09-23 10:55:01.png]
[WARNING] [2020-09-23 10:55:04] [open_bao_xiang.png 未找到] [实时截图: 2020-09-23 10:55:04.png]
[INFO] [2020-09-23 10:55:23] [bao_xiang.png 未找到] [实时截图: 2020-09-23 10:55:23.png]
[WARNING] [2020-09-23 10:55:26] [open_bao_xiang.png 未找到] [实时截图: 2020-09-23 10:55:26.png]
[INFO] [2020-09-23 10:56:57] [bao_xiang.png 已经找到] [实时截图: 2020-09-23 10:56:57.png]
[WARNING] [2020-09-23 10:57:01] [open_bao_xiang.png 未找到] [实时截图: 2020-09-23 10:57:01.png]
[INFO] [2020-09-23 10:58:01] [bao_xiang.png 已经找到] [实时截图: 2020-09-23 10:58:01.png]
[WARNING] [2020-09-23 10:58:08] [go_and_get.png 未找到] [实时截图: 2020-09-23 10:58:08.png]
[INFO] [2020-09-23 10:58:27] [bao_xiang.png 已经找到] [实时截图: 2020-09-23 10:58:27.png]
[WARNING] [2020-09-23 10:58:30] [open_bao_xiang.png 未找到] [实时截图: 2020-09-23 10:58:30.png]
[INFO] [2020-09-23 10:58:32] [bao_xiang.png 已经找到] [实时截图: 2020-09-23 10:58:32.png]
[WARNING] [2020-09-23 10:58:39] [go_and_get.png 未找到] [实时截图: 2020-09-23 10:58:39.png]
[INFO] [2020-09-23 10:59:21] [bao_xiang.png 已经找到] [实时截图: 2020-09-23 10:59:21.png]
[WARNING] [2020-09-23 10:59:24] [open_bao_xiang.png 未找到] [实时截图: 2020-09-23 10:59:24.png]
[INFO] [2020-09-23 10:59:42] [bao_xiang.png 已经找到] [实时截图: 2020-09-23 10:59:42.png]
[WARNING] [2020-09-23 10:59:45] [open_bao_xiang.png 未找到] [实时截图: 2020-09-23 10:59:45.png]
[INFO] [2020-09-23 11:00:02] [bao_xiang.png 已经找到] [实时截图: 2020-09-23 11:00:02.png]
[WARNING] [2020-09-23 11:00:05] [open_bao_xiang.png 未找到] [实时截图: 2020-09-23 11:00:05.png]
[INFO] [2020-09-23 11:00:56] [bao_xiang.png 已经找到] [实时截图: 2020-09-23 11:00:56.png]
[WARNING] [2020-09-23 11:00:59] [open_bao_xiang.png 未找到] [实时截图: 2020-09-23 11:00:59.png]
[INFO] [2020-09-23 11:01:09] [bao_xiang.png 已经找到] [实时截图: 2020-09-23 11:01:09.png]
[WARNING] [2020-09-23 11:01:16] [go_and_get.png 未找到] [实时截图: 2020-09-23 11:01:16.png]
[INFO] [2020-09-23 11:01:48] [bao_xiang.png 已经找到] [实时截图: 2020-09-23 11:01:48.png]
[WARNING] [2020-09-23 11:01:55] [go_and_get.png 未找到] [实时截图: 2020-09-23 11:01:55.png]
[INFO] [2020-09-23 11:02:22] [bao_xiang.png 已经找到] [实时截图: 2020-09-23 11:02:22.png]
[WARNING] [2020-09-23 11:02:25] [open_bao_xiang.png 未找到] [实时截图: 2020-09-23 11:02:25.png]
[INFO] [2020-09-23 11:02:46] [bao_xiang.png 已经找到] [实时截图: 2020-09-23 11:02:46.png]
[WARNING] [2020-09-23 11:02:49] [open_bao_xiang.png 未找到] [实时截图: 2020-09-23 11:02:49.png]
[INFO] [2020-09-23 11:03:30] [bao_xiang.png 已经找到] [实时截图: 2020-09-23 11:03:30.png]
[WARNING] [2020-09-23 11:03:37] [go_and_get.png 未找到] [实时截图: 2020-09-23 11:03:37.png]
[INFO] [2020-09-23 11:03:49] [bao_xiang.png 已经找到] [实时截图: 2020-09-23 11:03:49.png]
[WARNING] [2020-09-23 11:03:52] [open_bao_xiang.png 未找到] [实时截图: 2020-09-23 11:03:52.png]
[INFO] [2020-09-23 11:04:19] [bao_xiang.png 已经找到] [实时截图: 2020-09-23 11:04:19.png]
[WARNING] [2020-09-23 11:04:25] [go_and_get.png 未找到] [实时截图: 2020-09-23 11:04:25.png]
[INFO] [2020-09-23 11:04:35] [bao_xiang.png 已经找到] [实时截图: 2020-09-23 11:04:35.png]
[WARNING] [2020-09-23 11:04:42] [go_and_get.png 未找到] [实时截图: 2020-09-23 11:04:42.png]
[INFO] [2020-09-23 11:05:36] [bao_xiang.png 已经找到] [实时截图: 2020-09-23 11:05:36.png]
[WARNING] [2020-09-23 11:05:43] [go_and_get.png 未找到] [实时截图: 2020-09-23 11:05:43.png]
